[1613727530.570][INFO]: [8ec20c2acfc2234bc1368361ff878560] COMMAND InitSession {
   "desiredCapabilities": {
      "browserName": "chrome",
      "chromeOptions": {
         "args": [  ],
         "extensions": [  ]
      },
      "platform": "ANY",
      "version": ""
   }
}
[1613727530.575][INFO]: Populating Preferences file: {
   "alternate_error_pages": {
      "enabled": false
   },
   "autofill": {
      "enabled": false
   },
   "browser": {
      "check_default_browser": false
   },
   "distribution": {
      "import_bookmarks": false,
      "import_history": false,
      "import_search_engine": false,
      "make_chrome_default_for_user": false,
      "skip_first_run_ui": true
   },
   "dns_prefetching": {
      "enabled": false
   },
   "profile": {
      "content_settings": {
         "pattern_pairs": {
            "https://*,*": {
               "media-stream": {
                  "audio": "Default",
                  "video": "Default"
               }
            }
         }
      },
      "default_content_setting_values": {
         "geolocation": 1
      },
      "default_content_settings": {
         "geolocation": 1,
         "mouselock": 1,
         "notifications": 1,
         "popups": 1,
         "ppapi-broker": 1
      },
      "password_manager_enabled": false
   },
   "safebrowsing": {
      "enabled": false
   },
   "search": {
      "suggest_enabled": false
   },
   "translate": {
      "enabled": false
   }
}
[1613727530.578][INFO]: Populating Local State file: {
   "background_mode": {
      "enabled": false
   },
   "ssl": {
      "rev_checking": {
         "enabled": false
      }
   }
}
[1613727530.593][INFO]: Launching chrome: "C:\Program Files (x86)\Google\Chrome\Application\chrome.exe" --disable-background-networking --disable-client-side-phishing-detection --disable-default-apps --disable-hang-monitor --disable-popup-blocking --disable-prompt-on-repost --disable-sync --disable-web-resources --enable-automation --enable-logging --force-fieldtrials=SiteIsolationExtensions/Control --ignore-certificate-errors --load-extension="C:\Users\amukilan\AppData\Local\Temp\scoped_dir11200_14513\internal" --log-level=0 --metrics-recording-only --no-first-run --password-store=basic --remote-debugging-port=0 --test-type=webdriver --use-mock-keychain --user-data-dir="C:\Users\amukilan\AppData\Local\Temp\scoped_dir11200_19569" data:,
[1613727532.001][INFO]: resolved localhost to ["::1","127.0.0.1"]
[1613727534.973][INFO]: [8ec20c2acfc2234bc1368361ff878560] RESPONSE InitSession {
   "acceptInsecureCerts": false,
   "acceptSslCerts": false,
   "applicationCacheEnabled": false,
   "browserConnectionEnabled": false,
   "browserName": "chrome",
   "chrome": {
      "chromedriverVersion": "2.44.609538 (b655c5a60b0b544917107a59d4153d4bf78e1b90)",
      "userDataDir": "C:\\Users\\amukilan\\AppData\\Local\\Temp\\scoped_dir11200_19569"
   },
   "cssSelectorsEnabled": true,
   "databaseEnabled": false,
   "goog:chromeOptions": {
      "debuggerAddress": "localhost:55654"
   },
   "handlesAlerts": true,
   "hasTouchScreen": false,
   "javascriptEnabled": true,
   "locationContextEnabled": true,
   "mobileEmulationEnabled": false,
   "nativeEvents": true,
   "networkConnectionEnabled": false,
   "pageLoadStrategy": "normal",
   "platform": "Windows NT",
   "rotatable": false,
   "~~~": "..."
}
[1613727535.032][INFO]: [8ec20c2acfc2234bc1368361ff878560] COMMAND MaximizeWindow {
   "windowHandle": "current"
}
[1613727535.033][INFO]: resolved localhost to ["::1","127.0.0.1"]
[1613727536.150][INFO]: [8ec20c2acfc2234bc1368361ff878560] RESPONSE MaximizeWindow {
   "height": 1056,
   "width": 1936,
   "x": -8,
   "y": -8
}
[1613727536.158][INFO]: [8ec20c2acfc2234bc1368361ff878560] COMMAND SetTimeouts {
   "ms": 150000,
   "type": "page load"
}
[1613727536.158][INFO]: [8ec20c2acfc2234bc1368361ff878560] RESPONSE SetTimeouts
[1613727536.163][INFO]: [8ec20c2acfc2234bc1368361ff878560] COMMAND SetTimeouts {
   "ms": 45000,
   "type": "script"
}
[1613727536.163][INFO]: [8ec20c2acfc2234bc1368361ff878560] RESPONSE SetTimeouts
[1613727536.167][INFO]: [8ec20c2acfc2234bc1368361ff878560] COMMAND MaximizeWindow {
   "windowHandle": "current"
}
[1613727536.169][INFO]: [8ec20c2acfc2234bc1368361ff878560] RESPONSE MaximizeWindow {
   "height": 1056,
   "width": 1936,
   "x": -8,
   "y": -8
}
[1613727541.174][INFO]: [8ec20c2acfc2234bc1368361ff878560] COMMAND Navigate {
   "url": "https://consova-core.inlogic.in/login"
}
[1613727541.174][INFO]: Waiting for pending navigations...
[1613727541.175][INFO]: Done waiting for pending navigations. Status: ok
[1613727541.748][INFO]: Waiting for pending navigations...
[1613727554.798][INFO]: Done waiting for pending navigations. Status: ok
[1613727554.798][INFO]: [8ec20c2acfc2234bc1368361ff878560] RESPONSE Navigate
[1613727555.122][INFO]: [8ec20c2acfc2234bc1368361ff878560] COMMAND Navigate {
   "url": "https://consova-core.inlogic.in/login"
}
[1613727555.122][INFO]: Waiting for pending navigations...
[1613727555.123][INFO]: Done waiting for pending navigations. Status: ok
[1613727556.442][INFO]: Waiting for pending navigations...
[1613727556.532][INFO]: Done waiting for pending navigations. Status: ok
[1613727556.532][INFO]: [8ec20c2acfc2234bc1368361ff878560] RESPONSE Navigate
[1613727556.546][INFO]: [8ec20c2acfc2234bc1368361ff878560] COMMAND FindElement {
   "using": "id",
   "value": "username"
}
[1613727556.546][INFO]: Waiting for pending navigations...
[1613727556.581][INFO]: Done waiting for pending navigations. Status: ok
[1613727556.613][INFO]: Waiting for pending navigations...
[1613727556.614][INFO]: Done waiting for pending navigations. Status: ok
[1613727556.614][INFO]: [8ec20c2acfc2234bc1368361ff878560] RESPONSE FindElement {
   "ELEMENT": "0.536342033115899-1"
}
[1613727556.650][INFO]: [8ec20c2acfc2234bc1368361ff878560] COMMAND IsElementDisplayed {
   "id": "0.536342033115899-1"
}
[1613727556.651][INFO]: Waiting for pending navigations...
[1613727556.652][INFO]: Done waiting for pending navigations. Status: ok
[1613727556.672][INFO]: Waiting for pending navigations...
[1613727556.673][INFO]: Done waiting for pending navigations. Status: ok
[1613727556.673][INFO]: [8ec20c2acfc2234bc1368361ff878560] RESPONSE IsElementDisplayed true
[1613727559.682][INFO]: [8ec20c2acfc2234bc1368361ff878560] COMMAND FindElement {
   "using": "id",
   "value": "username"
}
[1613727559.682][INFO]: Waiting for pending navigations...
[1613727559.683][INFO]: Done waiting for pending navigations. Status: ok
[1613727559.693][INFO]: Waiting for pending navigations...
[1613727559.694][INFO]: Done waiting for pending navigations. Status: ok
[1613727559.694][INFO]: [8ec20c2acfc2234bc1368361ff878560] RESPONSE FindElement {
   "ELEMENT": "0.536342033115899-1"
}
[1613727559.699][INFO]: [8ec20c2acfc2234bc1368361ff878560] COMMAND IsElementDisplayed {
   "id": "0.536342033115899-1"
}
[1613727559.699][INFO]: Waiting for pending navigations...
[1613727559.700][INFO]: Done waiting for pending navigations. Status: ok
[1613727559.711][INFO]: Waiting for pending navigations...
[1613727559.712][INFO]: Done waiting for pending navigations. Status: ok
[1613727559.712][INFO]: [8ec20c2acfc2234bc1368361ff878560] RESPONSE IsElementDisplayed true
[1613727559.723][INFO]: [8ec20c2acfc2234bc1368361ff878560] COMMAND FindElement {
   "using": "id",
   "value": "username"
}
[1613727559.723][INFO]: Waiting for pending navigations...
[1613727559.724][INFO]: Done waiting for pending navigations. Status: ok
[1613727559.740][INFO]: Waiting for pending navigations...
[1613727559.741][INFO]: Done waiting for pending navigations. Status: ok
[1613727559.741][INFO]: [8ec20c2acfc2234bc1368361ff878560] RESPONSE FindElement {
   "ELEMENT": "0.536342033115899-1"
}
[1613727559.745][INFO]: [8ec20c2acfc2234bc1368361ff878560] COMMAND IsElementDisplayed {
   "id": "0.536342033115899-1"
}
[1613727559.745][INFO]: Waiting for pending navigations...
[1613727559.745][INFO]: Done waiting for pending navigations. Status: ok
[1613727559.757][INFO]: Waiting for pending navigations...
[1613727559.758][INFO]: Done waiting for pending navigations. Status: ok
[1613727559.758][INFO]: [8ec20c2acfc2234bc1368361ff878560] RESPONSE IsElementDisplayed true
[1613727559.762][INFO]: [8ec20c2acfc2234bc1368361ff878560] COMMAND FindElement {
   "using": "id",
   "value": "username"
}
[1613727559.762][INFO]: Waiting for pending navigations...
[1613727559.763][INFO]: Done waiting for pending navigations. Status: ok
[1613727559.774][INFO]: Waiting for pending navigations...
[1613727559.776][INFO]: Done waiting for pending navigations. Status: ok
[1613727559.776][INFO]: [8ec20c2acfc2234bc1368361ff878560] RESPONSE FindElement {
   "ELEMENT": "0.536342033115899-1"
}
[1613727559.782][INFO]: [8ec20c2acfc2234bc1368361ff878560] COMMAND GetElementText {
   "id": "0.536342033115899-1"
}
[1613727559.782][INFO]: Waiting for pending navigations...
[1613727559.783][INFO]: Done waiting for pending navigations. Status: ok
[1613727559.803][INFO]: Waiting for pending navigations...
[1613727559.804][INFO]: Done waiting for pending navigations. Status: ok
[1613727559.804][INFO]: [8ec20c2acfc2234bc1368361ff878560] RESPONSE GetElementText ""
[1613727559.810][INFO]: [8ec20c2acfc2234bc1368361ff878560] COMMAND FindElement {
   "using": "id",
   "value": "username"
}
[1613727559.810][INFO]: Waiting for pending navigations...
[1613727559.811][INFO]: Done waiting for pending navigations. Status: ok
[1613727559.821][INFO]: Waiting for pending navigations...
[1613727559.822][INFO]: Done waiting for pending navigations. Status: ok
[1613727559.822][INFO]: [8ec20c2acfc2234bc1368361ff878560] RESPONSE FindElement {
   "ELEMENT": "0.536342033115899-1"
}
[1613727559.829][INFO]: [8ec20c2acfc2234bc1368361ff878560] COMMAND TypeElement {
   "id": "0.536342033115899-1",
   "value": [ "a" ]
}
[1613727559.829][INFO]: Waiting for pending navigations...
[1613727559.830][INFO]: Done waiting for pending navigations. Status: ok
[1613727559.902][INFO]: Waiting for pending navigations...
[1613727559.902][INFO]: Done waiting for pending navigations. Status: ok
[1613727559.903][INFO]: [8ec20c2acfc2234bc1368361ff878560] RESPONSE TypeElement
[1613727559.907][INFO]: [8ec20c2acfc2234bc1368361ff878560] COMMAND FindElement {
   "using": "id",
   "value": "username"
}
[1613727559.907][INFO]: Waiting for pending navigations...
[1613727559.908][INFO]: Done waiting for pending navigations. Status: ok
[1613727559.918][INFO]: Waiting for pending navigations...
[1613727559.919][INFO]: Done waiting for pending navigations. Status: ok
[1613727559.919][INFO]: [8ec20c2acfc2234bc1368361ff878560] RESPONSE FindElement {
   "ELEMENT": "0.536342033115899-1"
}
[1613727559.924][INFO]: [8ec20c2acfc2234bc1368361ff878560] COMMAND TypeElement {
   "id": "0.536342033115899-1",
   "value": [ "TJerry" ]
}
[1613727559.924][INFO]: Waiting for pending navigations...
[1613727559.925][INFO]: Done waiting for pending navigations. Status: ok
[1613727560.056][INFO]: Waiting for pending navigations...
[1613727560.057][INFO]: Done waiting for pending navigations. Status: ok
[1613727560.057][INFO]: [8ec20c2acfc2234bc1368361ff878560] RESPONSE TypeElement
[1613727560.061][INFO]: [8ec20c2acfc2234bc1368361ff878560] COMMAND FindElement {
   "using": "id",
   "value": "username"
}
[1613727560.061][INFO]: Waiting for pending navigations...
[1613727560.061][INFO]: Done waiting for pending navigations. Status: ok
[1613727560.085][INFO]: Waiting for pending navigations...
[1613727560.086][INFO]: Done waiting for pending navigations. Status: ok
[1613727560.086][INFO]: [8ec20c2acfc2234bc1368361ff878560] RESPONSE FindElement {
   "ELEMENT": "0.536342033115899-1"
}
[1613727560.090][INFO]: [8ec20c2acfc2234bc1368361ff878560] COMMAND IsElementDisplayed {
   "id": "0.536342033115899-1"
}
[1613727560.090][INFO]: Waiting for pending navigations...
[1613727560.091][INFO]: Done waiting for pending navigations. Status: ok
[1613727560.106][INFO]: Waiting for pending navigations...
[1613727560.106][INFO]: Done waiting for pending navigations. Status: ok
[1613727560.106][INFO]: [8ec20c2acfc2234bc1368361ff878560] RESPONSE IsElementDisplayed true
[1613727563.112][INFO]: [8ec20c2acfc2234bc1368361ff878560] COMMAND FindElement {
   "using": "id",
   "value": "password"
}
[1613727563.112][INFO]: Waiting for pending navigations...
[1613727563.113][INFO]: Done waiting for pending navigations. Status: ok
[1613727563.130][INFO]: Waiting for pending navigations...
[1613727563.131][INFO]: Done waiting for pending navigations. Status: ok
[1613727563.131][INFO]: [8ec20c2acfc2234bc1368361ff878560] RESPONSE FindElement {
   "ELEMENT": "0.536342033115899-2"
}
[1613727563.135][INFO]: [8ec20c2acfc2234bc1368361ff878560] COMMAND IsElementDisplayed {
   "id": "0.536342033115899-2"
}
[1613727563.135][INFO]: Waiting for pending navigations...
[1613727563.136][INFO]: Done waiting for pending navigations. Status: ok
[1613727563.152][INFO]: Waiting for pending navigations...
[1613727563.153][INFO]: Done waiting for pending navigations. Status: ok
[1613727563.153][INFO]: [8ec20c2acfc2234bc1368361ff878560] RESPONSE IsElementDisplayed true
[1613727563.161][INFO]: [8ec20c2acfc2234bc1368361ff878560] COMMAND FindElement {
   "using": "id",
   "value": "password"
}
[1613727563.161][INFO]: Waiting for pending navigations...
[1613727563.162][INFO]: Done waiting for pending navigations. Status: ok
[1613727563.173][INFO]: Waiting for pending navigations...
[1613727563.174][INFO]: Done waiting for pending navigations. Status: ok
[1613727563.174][INFO]: [8ec20c2acfc2234bc1368361ff878560] RESPONSE FindElement {
   "ELEMENT": "0.536342033115899-2"
}
[1613727563.178][INFO]: [8ec20c2acfc2234bc1368361ff878560] COMMAND IsElementDisplayed {
   "id": "0.536342033115899-2"
}
[1613727563.178][INFO]: Waiting for pending navigations...
[1613727563.179][INFO]: Done waiting for pending navigations. Status: ok
[1613727563.190][INFO]: Waiting for pending navigations...
[1613727563.191][INFO]: Done waiting for pending navigations. Status: ok
[1613727563.191][INFO]: [8ec20c2acfc2234bc1368361ff878560] RESPONSE IsElementDisplayed true
[1613727563.195][INFO]: [8ec20c2acfc2234bc1368361ff878560] COMMAND FindElement {
   "using": "id",
   "value": "password"
}
[1613727563.195][INFO]: Waiting for pending navigations...
[1613727563.196][INFO]: Done waiting for pending navigations. Status: ok
[1613727563.208][INFO]: Waiting for pending navigations...
[1613727563.208][INFO]: Done waiting for pending navigations. Status: ok
[1613727563.209][INFO]: [8ec20c2acfc2234bc1368361ff878560] RESPONSE FindElement {
   "ELEMENT": "0.536342033115899-2"
}
[1613727563.213][INFO]: [8ec20c2acfc2234bc1368361ff878560] COMMAND GetElementText {
   "id": "0.536342033115899-2"
}
[1613727563.213][INFO]: Waiting for pending navigations...
[1613727563.214][INFO]: Done waiting for pending navigations. Status: ok
[1613727563.240][INFO]: Waiting for pending navigations...
[1613727563.241][INFO]: Done waiting for pending navigations. Status: ok
[1613727563.241][INFO]: [8ec20c2acfc2234bc1368361ff878560] RESPONSE GetElementText ""
[1613727563.247][INFO]: [8ec20c2acfc2234bc1368361ff878560] COMMAND FindElement {
   "using": "id",
   "value": "password"
}
[1613727563.247][INFO]: Waiting for pending navigations...
[1613727563.248][INFO]: Done waiting for pending navigations. Status: ok
[1613727563.260][INFO]: Waiting for pending navigations...
[1613727563.261][INFO]: Done waiting for pending navigations. Status: ok
[1613727563.261][INFO]: [8ec20c2acfc2234bc1368361ff878560] RESPONSE FindElement {
   "ELEMENT": "0.536342033115899-2"
}
[1613727563.266][INFO]: [8ec20c2acfc2234bc1368361ff878560] COMMAND TypeElement {
   "id": "0.536342033115899-2",
   "value": [ "a" ]
}
[1613727563.266][INFO]: Waiting for pending navigations...
[1613727563.267][INFO]: Done waiting for pending navigations. Status: ok
[1613727563.381][INFO]: Waiting for pending navigations...
[1613727563.381][INFO]: Done waiting for pending navigations. Status: ok
[1613727563.381][INFO]: [8ec20c2acfc2234bc1368361ff878560] RESPONSE TypeElement
[1613727563.385][INFO]: [8ec20c2acfc2234bc1368361ff878560] COMMAND FindElement {
   "using": "id",
   "value": "password"
}
[1613727563.385][INFO]: Waiting for pending navigations...
[1613727563.386][INFO]: Done waiting for pending navigations. Status: ok
[1613727563.396][INFO]: Waiting for pending navigations...
[1613727563.397][INFO]: Done waiting for pending navigations. Status: ok
[1613727563.397][INFO]: [8ec20c2acfc2234bc1368361ff878560] RESPONSE FindElement {
   "ELEMENT": "0.536342033115899-2"
}
[1613727563.401][INFO]: [8ec20c2acfc2234bc1368361ff878560] COMMAND TypeElement {
   "id": "0.536342033115899-2",
   "value": [ "Consova123!" ]
}
[1613727563.401][INFO]: Waiting for pending navigations...
[1613727563.402][INFO]: Done waiting for pending navigations. Status: ok
[1613727563.507][INFO]: Waiting for pending navigations...
[1613727563.508][INFO]: Done waiting for pending navigations. Status: ok
[1613727563.508][INFO]: [8ec20c2acfc2234bc1368361ff878560] RESPONSE TypeElement
[1613727566.514][INFO]: [8ec20c2acfc2234bc1368361ff878560] COMMAND FindElement {
   "using": "xpath",
   "value": "//button[@type='submit']"
}
[1613727566.514][INFO]: Waiting for pending navigations...
[1613727566.515][INFO]: Done waiting for pending navigations. Status: ok
[1613727566.537][INFO]: Waiting for pending navigations...
[1613727566.538][INFO]: Done waiting for pending navigations. Status: ok
[1613727566.538][INFO]: [8ec20c2acfc2234bc1368361ff878560] RESPONSE FindElement {
   "ELEMENT": "0.536342033115899-3"
}
[1613727566.543][INFO]: [8ec20c2acfc2234bc1368361ff878560] COMMAND IsElementDisplayed {
   "id": "0.536342033115899-3"
}
[1613727566.543][INFO]: Waiting for pending navigations...
[1613727566.544][INFO]: Done waiting for pending navigations. Status: ok
[1613727566.556][INFO]: Waiting for pending navigations...
[1613727566.557][INFO]: Done waiting for pending navigations. Status: ok
[1613727566.557][INFO]: [8ec20c2acfc2234bc1368361ff878560] RESPONSE IsElementDisplayed true
[1613727566.565][INFO]: [8ec20c2acfc2234bc1368361ff878560] COMMAND FindElement {
   "using": "xpath",
   "value": "//button[@type='submit']"
}
[1613727566.565][INFO]: Waiting for pending navigations...
[1613727566.566][INFO]: Done waiting for pending navigations. Status: ok
[1613727566.572][INFO]: Waiting for pending navigations...
[1613727566.573][INFO]: Done waiting for pending navigations. Status: ok
[1613727566.573][INFO]: [8ec20c2acfc2234bc1368361ff878560] RESPONSE FindElement {
   "ELEMENT": "0.536342033115899-3"
}
[1613727566.577][INFO]: [8ec20c2acfc2234bc1368361ff878560] COMMAND IsElementDisplayed {
   "id": "0.536342033115899-3"
}
[1613727566.577][INFO]: Waiting for pending navigations...
[1613727566.578][INFO]: Done waiting for pending navigations. Status: ok
[1613727566.583][INFO]: Waiting for pending navigations...
[1613727566.584][INFO]: Done waiting for pending navigations. Status: ok
[1613727566.584][INFO]: [8ec20c2acfc2234bc1368361ff878560] RESPONSE IsElementDisplayed true
[1613727566.587][INFO]: [8ec20c2acfc2234bc1368361ff878560] COMMAND FindElement {
   "using": "xpath",
   "value": "//button[@type='submit']"
}
[1613727566.587][INFO]: Waiting for pending navigations...
[1613727566.588][INFO]: Done waiting for pending navigations. Status: ok
[1613727566.594][INFO]: Waiting for pending navigations...
[1613727566.594][INFO]: Done waiting for pending navigations. Status: ok
[1613727566.594][INFO]: [8ec20c2acfc2234bc1368361ff878560] RESPONSE FindElement {
   "ELEMENT": "0.536342033115899-3"
}
[1613727566.598][INFO]: [8ec20c2acfc2234bc1368361ff878560] COMMAND ClickElement {
   "id": "0.536342033115899-3"
}
[1613727566.598][INFO]: Waiting for pending navigations...
[1613727566.599][INFO]: Done waiting for pending navigations. Status: ok
[1613727566.725][INFO]: Waiting for pending navigations...
[1613727566.728][INFO]: Done waiting for pending navigations. Status: ok
[1613727566.728][INFO]: [8ec20c2acfc2234bc1368361ff878560] RESPONSE ClickElement
[1613727571.736][INFO]: [8ec20c2acfc2234bc1368361ff878560] COMMAND Navigate {
   "url": "https://consova-core.inlogic.in/account/4000059"
}
[1613727571.737][INFO]: Waiting for pending navigations...
[1613727571.737][INFO]: Done waiting for pending navigations. Status: ok
[1613727572.584][INFO]: Waiting for pending navigations...
[1613727573.595][INFO]: Done waiting for pending navigations. Status: ok
[1613727573.595][INFO]: [8ec20c2acfc2234bc1368361ff878560] RESPONSE Navigate
[1613727576.660][INFO]: [8ec20c2acfc2234bc1368361ff878560] COMMAND FindElement {
   "using": "xpath",
   "value": "//strong[contains(text(),'4000059')]"
}
[1613727576.660][INFO]: Waiting for pending navigations...
[1613727576.670][INFO]: Done waiting for pending navigations. Status: ok
[1613727576.683][INFO]: Waiting for pending navigations...
[1613727576.684][INFO]: Done waiting for pending navigations. Status: ok
[1613727576.684][INFO]: [8ec20c2acfc2234bc1368361ff878560] RESPONSE FindElement {
   "ELEMENT": "0.5275418959143792-1"
}
[1613727576.691][INFO]: [8ec20c2acfc2234bc1368361ff878560] COMMAND IsElementDisplayed {
   "id": "0.5275418959143792-1"
}
[1613727576.691][INFO]: Waiting for pending navigations...
[1613727576.693][INFO]: Done waiting for pending navigations. Status: ok
[1613727576.710][INFO]: Waiting for pending navigations...
[1613727576.711][INFO]: Done waiting for pending navigations. Status: ok
[1613727576.711][INFO]: [8ec20c2acfc2234bc1368361ff878560] RESPONSE IsElementDisplayed true
[1613727576.715][INFO]: [8ec20c2acfc2234bc1368361ff878560] COMMAND IsElementDisplayed {
   "id": "0.5275418959143792-1"
}
[1613727576.715][INFO]: Waiting for pending navigations...
[1613727576.716][INFO]: Done waiting for pending navigations. Status: ok
[1613727576.722][INFO]: Waiting for pending navigations...
[1613727576.723][INFO]: Done waiting for pending navigations. Status: ok
[1613727576.723][INFO]: [8ec20c2acfc2234bc1368361ff878560] RESPONSE IsElementDisplayed true
[1613727581.734][INFO]: [8ec20c2acfc2234bc1368361ff878560] COMMAND FindElement {
   "using": "xpath",
   "value": "tab ng-star-inserted active"
}
[1613727581.734][INFO]: Waiting for pending navigations...
[1613727581.735][INFO]: Done waiting for pending navigations. Status: ok
[1613727581.760][INFO]: Waiting for pending navigations...
[1613727581.761][INFO]: Done waiting for pending navigations. Status: ok
[1613727581.761][INFO]: [8ec20c2acfc2234bc1368361ff878560] RESPONSE FindElement ERROR invalid selector: Unable to locate an element with the xpath expression tab ng-star-inserted active because of the following error:
SyntaxError: Failed to execute 'evaluate' on 'Document': The string 'tab ng-star-inserted active' is not a valid XPath expression.
  (Session info: chrome=88.0.4324.182)
[1613727581.803][INFO]: [8ec20c2acfc2234bc1368361ff878560] COMMAND Screenshot {

}
[1613727581.803][INFO]: Waiting for pending navigations...
[1613727581.805][INFO]: Done waiting for pending navigations. Status: ok
[1613727582.237][INFO]: Waiting for pending navigations...
[1613727582.238][INFO]: Done waiting for pending navigations. Status: ok
[1613727582.238][INFO]: [8ec20c2acfc2234bc1368361ff878560] RESPONSE Screenshot "iVBORw0KGgoAAAANSUhEUgAAB4AAAAOdCAYAAABkpX+QAAAAAXNSR0IArs4c6QAAIABJREFUeJzs3X9cVFXi//EXyE+RH0oqlD/A1EwsMF3DEkMtpdqE9pObbWlaW5qbRpkttttmu1uy2Q/Ktmxbk7W1LPvugrWFVmpSK5kpWLimpqAmKGKAIr/h+8cMMDMMzAwMo..."
[1613727582.332][INFO]: [8ec20c2acfc2234bc1368361ff878560] COMMAND Quit {

}
[1613727582.405][INFO]: [8ec20c2acfc2234bc1368361ff878560] RESPONSE Quit
